<?xml version="1.0" encoding="UTF-8"?>
<!-- Generated by org.testng.reporters.JUnitXMLReporter -->
<testsuite ignored="0" hostname="LAPTOP-QHMIOBC5" failures="1" tests="5" name="Test" time="0.066" errors="0" timestamp="2023-11-23T12:13:07 IST">
  <testcase classname="com.Practice_Package.Dummy1" name="m1" time="0.011">
    <skipped/>
  </testcase> <!-- m1 -->
  <testcase classname="com.Practice_Package.Dummy1" name="m1" time="0.001">
    <skipped/>
  </testcase> <!-- m1 -->
  <testcase classname="com.Practice_Package.Dummy1" name="m1" time="0.002">
    <skipped/>
  </testcase> <!-- m1 -->
  <testcase classname="com.Practice_Package.Dummy1" name="m1" time="0.001">
    <failure type="java.lang.AssertionError" message="null">
      <![CDATA[java.lang.AssertionError: null
at com.Practice_Package.Dummy1.m1(Dummy1.java:15)
at java.base/java.util.ArrayList.forEach(ArrayList.java:1511)
... Removed 27 stack frames]]>
    </failure>
  </testcase> <!-- m1 -->
  <testcase classname="com.Practice_Package.Dummy1" name="m2" time="0.001"/>
</testsuite> <!-- Test -->
