<?xml version="1.0" encoding="UTF-8"?>
<testng-results ignored="0" total="1" passed="0" failed="1" skipped="0">
  <reporter-output>
    <line>
      <![CDATA[tc31--- TestScript Execution Starts From Here ---]]>
    </line>
    <line>
      <![CDATA[Login Successfully!!]]>
    </line>
    <line>
      <![CDATA[Insert Successfully!!!]]>
    </line>
    <line>
      <![CDATA[Successfully Logout!]]>
    </line>
    <line>
      <![CDATA[Login Successfully!!]]>
    </line>
    <line>
      <![CDATA[Insert Successfully!!!]]>
    </line>
    <line>
      <![CDATA[tc3101/12/2023 18-31-26 TestScript Execution Failed]]>
    </line>
  </reporter-output>
  <suite started-at="2023-12-01T18:30:17 IST" name="Default suite" finished-at="2023-12-01T18:31:32 IST" duration-ms="75069">
    <groups>
    </groups>
    <test started-at="2023-12-01T18:30:17 IST" name="Default test" finished-at="2023-12-01T18:31:32 IST" duration-ms="75069">
      <class name="testScripts_Baseclass.CreateHRHeadChangeTypeToHROfficerAddEmployeeTC31_Test">
        <test-method is-config="true" signature="config_BS()[pri:0, instance:testScripts_Baseclass.CreateHRHeadChangeTypeToHROfficerAddEmployeeTC31_Test@31ea9581]" started-at="2023-12-01T18:30:17 IST" name="config_BS" finished-at="2023-12-01T18:30:17 IST" duration-ms="184" status="PASS">
          <reporter-output>
          </reporter-output>
        </test-method> <!-- config_BS -->
        <test-method is-config="true" signature="config_BC()[pri:0, instance:testScripts_Baseclass.CreateHRHeadChangeTypeToHROfficerAddEmployeeTC31_Test@31ea9581]" started-at="2023-12-01T18:30:17 IST" name="config_BC" finished-at="2023-12-01T18:30:20 IST" duration-ms="2393" status="PASS">
          <reporter-output>
          </reporter-output>
        </test-method> <!-- config_BC -->
        <test-method is-config="true" signature="config_BM()[pri:0, instance:testScripts_Baseclass.CreateHRHeadChangeTypeToHROfficerAddEmployeeTC31_Test@31ea9581]" started-at="2023-12-01T18:30:20 IST" name="config_BM" finished-at="2023-12-01T18:30:20 IST" duration-ms="0" status="PASS">
          <reporter-output>
          </reporter-output>
        </test-method> <!-- config_BM -->
        <test-method signature="tc31()[pri:0, instance:testScripts_Baseclass.CreateHRHeadChangeTypeToHROfficerAddEmployeeTC31_Test@31ea9581]" started-at="2023-12-01T18:30:20 IST" name="tc31" finished-at="2023-12-01T18:31:26 IST" duration-ms="65836" status="FAIL">
          <exception class="org.openqa.selenium.TimeoutException">
            <message>
              <![CDATA[timeout: Timed out receiving message from renderer: 20.000
  (Session info: chrome=119.0.6045.200)
Build info: version: '4.11.0', revision: '040bc5406b'
System info: os.name: 'Windows 11', os.arch: 'amd64', os.version: '10.0', java.version: '20.0.2'
Driver info: org.openqa.selenium.chrome.ChromeDriver
Command: [7f7c15db7cb52cb572f91481b4a6e2fb, findElement {using=xpath, value=//i[@class='fa fa-user']}]
Capabilities {acceptInsecureCerts: false, browserName: chrome, browserVersion: 119.0.6045.200, chrome: {chromedriverVersion: 119.0.6045.105 (38c72552c5e..., userDataDir: C:\Users\PRASANTH\AppData\L...}, fedcm:accounts: true, goog:chromeOptions: {debuggerAddress: localhost:53322}, networkConnectionEnabled: false, pageLoadStrategy: normal, platformName: windows, proxy: Proxy(), se:cdp: ws://localhost:53322/devtoo..., se:cdpVersion: 119.0.6045.200, setWindowRect: true, strictFileInteractability: false, timeouts: {implicit: 0, pageLoad: 300000, script: 30000}, unhandledPromptBehavior: dismiss and notify, webauthn:extension:credBlob: true, webauthn:extension:largeBlob: true, webauthn:extension:minPinLength: true, webauthn:extension:prf: true, webauthn:virtualAuthenticators: true}
Session ID: 7f7c15db7cb52cb572f91481b4a6e2fb]]>
            </message>
            <full-stacktrace>
              <![CDATA[org.openqa.selenium.TimeoutException: timeout: Timed out receiving message from renderer: 20.000
  (Session info: chrome=119.0.6045.200)
Build info: version: '4.11.0', revision: '040bc5406b'
System info: os.name: 'Windows 11', os.arch: 'amd64', os.version: '10.0', java.version: '20.0.2'
Driver info: org.openqa.selenium.chrome.ChromeDriver
Command: [7f7c15db7cb52cb572f91481b4a6e2fb, findElement {using=xpath, value=//i[@class='fa fa-user']}]
Capabilities {acceptInsecureCerts: false, browserName: chrome, browserVersion: 119.0.6045.200, chrome: {chromedriverVersion: 119.0.6045.105 (38c72552c5e..., userDataDir: C:\Users\PRASANTH\AppData\L...}, fedcm:accounts: true, goog:chromeOptions: {debuggerAddress: localhost:53322}, networkConnectionEnabled: false, pageLoadStrategy: normal, platformName: windows, proxy: Proxy(), se:cdp: ws://localhost:53322/devtoo..., se:cdpVersion: 119.0.6045.200, setWindowRect: true, strictFileInteractability: false, timeouts: {implicit: 0, pageLoad: 300000, script: 30000}, unhandledPromptBehavior: dismiss and notify, webauthn:extension:credBlob: true, webauthn:extension:largeBlob: true, webauthn:extension:minPinLength: true, webauthn:extension:prf: true, webauthn:virtualAuthenticators: true}
Session ID: 7f7c15db7cb52cb572f91481b4a6e2fb
at java.base/jdk.internal.reflect.DirectConstructorHandleAccessor.newInstance(DirectConstructorHandleAccessor.java:67)
at java.base/java.lang.reflect.Constructor.newInstanceWithCaller(Constructor.java:500)
at java.base/java.lang.reflect.Constructor.newInstance(Constructor.java:484)
at org.openqa.selenium.remote.codec.w3c.W3CHttpResponseCodec.createException(W3CHttpResponseCodec.java:200)
at org.openqa.selenium.remote.codec.w3c.W3CHttpResponseCodec.decode(W3CHttpResponseCodec.java:133)
at org.openqa.selenium.remote.codec.w3c.W3CHttpResponseCodec.decode(W3CHttpResponseCodec.java:52)
at org.openqa.selenium.remote.HttpCommandExecutor.execute(HttpCommandExecutor.java:191)
at org.openqa.selenium.remote.service.DriverCommandExecutor.invokeExecute(DriverCommandExecutor.java:196)
at org.openqa.selenium.remote.service.DriverCommandExecutor.execute(DriverCommandExecutor.java:171)
at org.openqa.selenium.remote.RemoteWebDriver.execute(RemoteWebDriver.java:518)
at org.openqa.selenium.remote.ElementLocation$ElementFinder$2.findElement(ElementLocation.java:165)
at org.openqa.selenium.remote.ElementLocation.findElement(ElementLocation.java:59)
at org.openqa.selenium.remote.RemoteWebDriver.findElement(RemoteWebDriver.java:355)
at org.openqa.selenium.remote.RemoteWebDriver.findElement(RemoteWebDriver.java:349)
at org.openqa.selenium.support.pagefactory.DefaultElementLocator.findElement(DefaultElementLocator.java:68)
at org.openqa.selenium.support.pagefactory.internal.LocatingElementHandler.invoke(LocatingElementHandler.java:38)
at jdk.proxy2/jdk.proxy2.$Proxy22.click(Unknown Source)
at com.ObjectRepo.Home_Page.logOutApp(Home_Page.java:203)
at testScripts_Baseclass.CreateHRHeadChangeTypeToHROfficerAddEmployeeTC31_Test.tc31(CreateHRHeadChangeTypeToHROfficerAddEmployeeTC31_Test.java:95)
at java.base/jdk.internal.reflect.DirectMethodHandleAccessor.invoke(DirectMethodHandleAccessor.java:104)
at java.base/java.lang.reflect.Method.invoke(Method.java:578)
at org.testng.internal.invokers.MethodInvocationHelper.invokeMethod(MethodInvocationHelper.java:139)
at org.testng.internal.invokers.TestInvoker.invokeMethod(TestInvoker.java:677)
at org.testng.internal.invokers.TestInvoker.invokeTestMethod(TestInvoker.java:221)
at org.testng.internal.invokers.MethodRunner.runInSequence(MethodRunner.java:50)
at org.testng.internal.invokers.TestInvoker$MethodInvocationAgent.invoke(TestInvoker.java:969)
at org.testng.internal.invokers.TestInvoker.invokeTestMethods(TestInvoker.java:194)
at org.testng.internal.invokers.TestMethodWorker.invokeTestMethods(TestMethodWorker.java:148)
at org.testng.internal.invokers.TestMethodWorker.run(TestMethodWorker.java:128)
at java.base/java.util.ArrayList.forEach(ArrayList.java:1511)
at org.testng.TestRunner.privateRun(TestRunner.java:829)
at org.testng.TestRunner.run(TestRunner.java:602)
at org.testng.SuiteRunner.runTest(SuiteRunner.java:437)
at org.testng.SuiteRunner.runSequentially(SuiteRunner.java:431)
at org.testng.SuiteRunner.privateRun(SuiteRunner.java:391)
at org.testng.SuiteRunner.run(SuiteRunner.java:330)
at org.testng.SuiteRunnerWorker.runSuite(SuiteRunnerWorker.java:52)
at org.testng.SuiteRunnerWorker.run(SuiteRunnerWorker.java:95)
at org.testng.TestNG.runSuitesSequentially(TestNG.java:1256)
at org.testng.TestNG.runSuitesLocally(TestNG.java:1176)
at org.testng.TestNG.runSuites(TestNG.java:1099)
at org.testng.TestNG.run(TestNG.java:1067)
at org.testng.remote.AbstractRemoteTestNG.run(AbstractRemoteTestNG.java:115)
at org.testng.remote.RemoteTestNG.initAndRun(RemoteTestNG.java:251)
at org.testng.remote.RemoteTestNG.main(RemoteTestNG.java:77)
]]>
            </full-stacktrace>
          </exception> <!-- org.openqa.selenium.TimeoutException -->
          <reporter-output>
            <line>
              <![CDATA[tc31--- TestScript Execution Starts From Here ---]]>
            </line>
            <line>
              <![CDATA[Login Successfully!!]]>
            </line>
            <line>
              <![CDATA[Insert Successfully!!!]]>
            </line>
            <line>
              <![CDATA[Successfully Logout!]]>
            </line>
            <line>
              <![CDATA[Login Successfully!!]]>
            </line>
            <line>
              <![CDATA[Insert Successfully!!!]]>
            </line>
            <line>
              <![CDATA[tc3101/12/2023 18-31-26 TestScript Execution Failed]]>
            </line>
          </reporter-output>
        </test-method> <!-- tc31 -->
        <test-method is-config="true" signature="config_AM()[pri:0, instance:testScripts_Baseclass.CreateHRHeadChangeTypeToHROfficerAddEmployeeTC31_Test@31ea9581]" started-at="2023-12-01T18:31:32 IST" name="config_AM" finished-at="2023-12-01T18:31:32 IST" duration-ms="1" status="PASS">
          <reporter-output>
          </reporter-output>
        </test-method> <!-- config_AM -->
        <test-method is-config="true" signature="config_AC()[pri:0, instance:testScripts_Baseclass.CreateHRHeadChangeTypeToHROfficerAddEmployeeTC31_Test@31ea9581]" started-at="2023-12-01T18:31:32 IST" name="config_AC" finished-at="2023-12-01T18:31:32 IST" duration-ms="1" status="PASS">
          <reporter-output>
          </reporter-output>
        </test-method> <!-- config_AC -->
        <test-method is-config="true" signature="config_AS()[pri:0, instance:testScripts_Baseclass.CreateHRHeadChangeTypeToHROfficerAddEmployeeTC31_Test@31ea9581]" started-at="2023-12-01T18:31:33 IST" name="config_AS" finished-at="2023-12-01T18:31:33 IST" duration-ms="11" status="PASS">
          <reporter-output>
          </reporter-output>
        </test-method> <!-- config_AS -->
      </class> <!-- testScripts_Baseclass.CreateHRHeadChangeTypeToHROfficerAddEmployeeTC31_Test -->
    </test> <!-- Default test -->
  </suite> <!-- Default suite -->
</testng-results>
